\BOOKMARK [0][-]{chapter*.1}{Acknowledgments}{}% 1
\BOOKMARK [0][-]{chapter*.2}{Abstract}{}% 2
\BOOKMARK [0][-]{tocmark.0}{Contents}{}% 3
\BOOKMARK [0][-]{chapter.1}{Introduction}{}% 4
\BOOKMARK [1][-]{section.1.1}{Main Research Challenges}{chapter.1}% 5
\BOOKMARK [2][-]{subsection.1.1.1}{Sentence Parsing for Contracts Generation}{section.1.1}% 6
\BOOKMARK [2][-]{subsection.1.1.2}{Source Code Analysis}{section.1.1}% 7
\BOOKMARK [1][-]{section.1.2}{Thesis Outline}{chapter.1}% 8
\BOOKMARK [1][-]{section.1.3}{Main Contributions}{chapter.1}% 9
\BOOKMARK [0][-]{chapter.2}{Related Work}{}% 10
\BOOKMARK [1][-]{section.2.1}{Related work}{chapter.2}% 11
\BOOKMARK [1][-]{section.2.2}{API Caveats in Reference Documentation}{chapter.2}% 12
\BOOKMARK [1][-]{section.2.3}{Word \046 Sentence Embedding}{chapter.2}% 13
\BOOKMARK [1][-]{section.2.4}{Static-Code Analysis}{chapter.2}% 14
\BOOKMARK [1][-]{section.2.5}{Summary}{chapter.2}% 15
\BOOKMARK [0][-]{chapter.3}{Locating API Misuse Examples in GitHub Data}{}% 16
\BOOKMARK [1][-]{section.3.1}{Introduction}{chapter.3}% 17
\BOOKMARK [1][-]{section.3.2}{Background}{chapter.3}% 18
\BOOKMARK [1][-]{section.3.3}{Design}{chapter.3}% 19
\BOOKMARK [1][-]{section.3.4}{Implementation}{chapter.3}% 20
\BOOKMARK [1][-]{section.3.5}{Results}{chapter.3}% 21
\BOOKMARK [1][-]{section.3.6}{Summary}{chapter.3}% 22
\BOOKMARK [0][-]{chapter.4}{API Contracts Generation and Static Code Analysis}{}% 23
\BOOKMARK [1][-]{section.4.1}{Introduction}{chapter.4}% 24
\BOOKMARK [1][-]{section.4.2}{Background}{chapter.4}% 25
\BOOKMARK [1][-]{section.4.3}{Design}{chapter.4}% 26
\BOOKMARK [1][-]{section.4.4}{Implementation}{chapter.4}% 27
\BOOKMARK [1][-]{section.4.5}{Results}{chapter.4}% 28
\BOOKMARK [1][-]{section.4.6}{Summary}{chapter.4}% 29
\BOOKMARK [0][-]{chapter.5}{Conclusion}{}% 30
\BOOKMARK [1][-]{section.5.1}{Future Work}{chapter.5}% 31
\BOOKMARK [1][-]{section.5.2}{Final Remarks}{chapter.5}% 32
